{"/Users/dmisilin/work/learning/otus/react-developer-2023/react-developer-2023/src/lesson-2/index.ts": {"path":"/Users/dmisilin/work/learning/otus/react-developer-2023/react-developer-2023/src/lesson-2/index.ts","statementMap":{"0":{"start":{"line":1,"column":0},"end":{"line":1,"column":37}},"1":{"start":{"line":2,"column":0},"end":{"line":2,"column":51}},"2":{"start":{"line":4,"column":26},"end":{"line":7,"column":2}},"3":{"start":{"line":8,"column":13},"end":{"line":8,"column":17}},"4":{"start":{"line":10,"column":16},"end":{"line":26,"column":6}},"5":{"start":{"line":11,"column":4},"end":{"line":26,"column":6}},"6":{"start":{"line":12,"column":8},"end":{"line":25,"column":11}},"7":{"start":{"line":14,"column":12},"end":{"line":22,"column":null}},"8":{"start":{"line":15,"column":16},"end":{"line":15,"column":36}},"9":{"start":{"line":17,"column":16},"end":{"line":21,"column":null}},"10":{"start":{"line":18,"column":20},"end":{"line":18,"column":45}},"11":{"start":{"line":20,"column":20},"end":{"line":20,"column":53}},"12":{"start":{"line":24,"column":12},"end":{"line":24,"column":26}},"13":{"start":{"line":29,"column":4},"end":{"line":31,"column":null}},"14":{"start":{"line":30,"column":8},"end":{"line":30,"column":24}},"15":{"start":{"line":34,"column":0},"end":{"line":35,"column":42}},"16":{"start":{"line":35,"column":16},"end":{"line":35,"column":40}}},"fnMap":{"0":{"name":"(anonymous_6)","decl":{"start":{"line":10,"column":16},"end":{"line":10,"column":19}},"loc":{"start":{"line":11,"column":4},"end":{"line":26,"column":6}}},"1":{"name":"(anonymous_7)","decl":{"start":{"line":11,"column":16},"end":{"line":11,"column":17}},"loc":{"start":{"line":11,"column":28},"end":{"line":26,"column":5}}},"2":{"name":"(anonymous_8)","decl":{"start":{"line":12,"column":41},"end":{"line":12,"column":42}},"loc":{"start":{"line":12,"column":60},"end":{"line":25,"column":9}}},"3":{"name":"run","decl":{"start":{"line":28,"column":15},"end":{"line":28,"column":18}},"loc":{"start":{"line":28,"column":18},"end":{"line":32,"column":1}}},"4":{"name":"(anonymous_10)","decl":{"start":{"line":35,"column":11},"end":{"line":35,"column":12}},"loc":{"start":{"line":35,"column":16},"end":{"line":35,"column":40}}}},"branchMap":{"0":{"loc":{"start":{"line":17,"column":16},"end":{"line":21,"column":null}},"type":"if","locations":[{"start":{"line":17,"column":16},"end":{"line":21,"column":null}},{"start":{"line":19,"column":23},"end":{"line":21,"column":null}}]}},"s":{"0":0,"1":0,"2":0,"3":0,"4":0,"5":0,"6":0,"7":0,"8":0,"9":0,"10":0,"11":0,"12":0,"13":0,"14":0,"15":0,"16":0},"f":{"0":0,"1":0,"2":0,"3":0,"4":0},"b":{"0":[0,0]}}
,"/Users/dmisilin/work/learning/otus/react-developer-2023/react-developer-2023/src/lesson-2/helper/calculation.ts": {"path":"/Users/dmisilin/work/learning/otus/react-developer-2023/react-developer-2023/src/lesson-2/helper/calculation.ts","statementMap":{"0":{"start":{"line":1,"column":0},"end":{"line":1,"column":69}},"1":{"start":{"line":2,"column":0},"end":{"line":2,"column":55}},"2":{"start":{"line":4,"column":23},"end":{"line":4,"column":26}},"3":{"start":{"line":5,"column":17},"end":{"line":5,"column":20}},"4":{"start":{"line":7,"column":24},"end":{"line":29,"column":1}},"5":{"start":{"line":8,"column":19},"end":{"line":8,"column":33}},"6":{"start":{"line":9,"column":23},"end":{"line":9,"column":27}},"7":{"start":{"line":11,"column":4},"end":{"line":28,"column":11}},"8":{"start":{"line":12,"column":8},"end":{"line":14,"column":null}},"9":{"start":{"line":13,"column":12},"end":{"line":13,"column":65}},"10":{"start":{"line":16,"column":8},"end":{"line":18,"column":null}},"11":{"start":{"line":17,"column":12},"end":{"line":17,"column":63}},"12":{"start":{"line":20,"column":8},"end":{"line":22,"column":null}},"13":{"start":{"line":21,"column":12},"end":{"line":21,"column":65}},"14":{"start":{"line":24,"column":8},"end":{"line":24,"column":37}},"15":{"start":{"line":26,"column":8},"end":{"line":26,"column":22}},"16":{"start":{"line":27,"column":8},"end":{"line":27,"column":19}},"17":{"start":{"line":7,"column":13},"end":{"line":7,"column":24}},"18":{"start":{"line":31,"column":27},"end":{"line":41,"column":1}},"19":{"start":{"line":32,"column":17},"end":{"line":32,"column":28}},"20":{"start":{"line":34,"column":4},"end":{"line":38,"column":null}},"21":{"start":{"line":34,"column":16},"end":{"line":34,"column":17}},"22":{"start":{"line":35,"column":30},"end":{"line":35,"column":49}},"23":{"start":{"line":36,"column":32},"end":{"line":36,"column":49}},"24":{"start":{"line":37,"column":8},"end":{"line":37,"column":42}},"25":{"start":{"line":40,"column":4},"end":{"line":40,"column":18}},"26":{"start":{"line":31,"column":13},"end":{"line":31,"column":27}},"27":{"start":{"line":43,"column":31},"end":{"line":74,"column":1}},"28":{"start":{"line":44,"column":4},"end":{"line":46,"column":null}},"29":{"start":{"line":45,"column":8},"end":{"line":45,"column":19}},"30":{"start":{"line":48,"column":19},"end":{"line":48,"column":21}},"31":{"start":{"line":49,"column":15},"end":{"line":49,"column":16}},"32":{"start":{"line":51,"column":4},"end":{"line":71,"column":null}},"33":{"start":{"line":51,"column":16},"end":{"line":51,"column":17}},"34":{"start":{"line":52,"column":20},"end":{"line":52,"column":26}},"35":{"start":{"line":54,"column":8},"end":{"line":64,"column":null}},"36":{"start":{"line":55,"column":34},"end":{"line":55,"column":53}},"37":{"start":{"line":56,"column":36},"end":{"line":56,"column":53}},"38":{"start":{"line":58,"column":22},"end":{"line":58,"column":48}},"39":{"start":{"line":59,"column":22},"end":{"line":59,"column":33}},"40":{"start":{"line":60,"column":12},"end":{"line":60,"column":28}},"41":{"start":{"line":62,"column":12},"end":{"line":62,"column":58}},"42":{"start":{"line":63,"column":12},"end":{"line":63,"column":21}},"43":{"start":{"line":66,"column":8},"end":{"line":66,"column":57}},"44":{"start":{"line":67,"column":8},"end":{"line":67,"column":28}},"45":{"start":{"line":68,"column":8},"end":{"line":68,"column":17}},"46":{"start":{"line":70,"column":8},"end":{"line":70,"column":49}},"47":{"start":{"line":73,"column":4},"end":{"line":73,"column":18}},"48":{"start":{"line":43,"column":13},"end":{"line":43,"column":31}},"49":{"start":{"line":76,"column":27},"end":{"line":82,"column":1}},"50":{"start":{"line":77,"column":18},"end":{"line":77,"column":33}},"51":{"start":{"line":79,"column":25},"end":{"line":79,"column":47}},"52":{"start":{"line":80,"column":19},"end":{"line":80,"column":44}},"53":{"start":{"line":81,"column":4},"end":{"line":81,"column":30}},"54":{"start":{"line":76,"column":13},"end":{"line":76,"column":27}}},"fnMap":{"0":{"name":"(anonymous_0)","decl":{"start":{"line":7,"column":24},"end":{"line":7,"column":25}},"loc":{"start":{"line":7,"column":40},"end":{"line":29,"column":1}}},"1":{"name":"(anonymous_1)","decl":{"start":{"line":11,"column":25},"end":{"line":11,"column":26}},"loc":{"start":{"line":11,"column":56},"end":{"line":28,"column":5}}},"2":{"name":"(anonymous_2)","decl":{"start":{"line":31,"column":27},"end":{"line":31,"column":28}},"loc":{"start":{"line":31,"column":54},"end":{"line":41,"column":1}}},"3":{"name":"(anonymous_3)","decl":{"start":{"line":43,"column":31},"end":{"line":43,"column":32}},"loc":{"start":{"line":43,"column":60},"end":{"line":74,"column":1}}},"4":{"name":"(anonymous_4)","decl":{"start":{"line":76,"column":27},"end":{"line":76,"column":28}},"loc":{"start":{"line":76,"column":45},"end":{"line":82,"column":1}}}},"branchMap":{"0":{"loc":{"start":{"line":12,"column":8},"end":{"line":14,"column":null}},"type":"if","locations":[{"start":{"line":12,"column":8},"end":{"line":14,"column":null}}]},"1":{"loc":{"start":{"line":12,"column":12},"end":{"line":12,"column":46}},"type":"binary-expr","locations":[{"start":{"line":12,"column":12},"end":{"line":12,"column":28}},{"start":{"line":12,"column":32},"end":{"line":12,"column":46}}]},"2":{"loc":{"start":{"line":16,"column":8},"end":{"line":18,"column":null}},"type":"if","locations":[{"start":{"line":16,"column":8},"end":{"line":18,"column":null}}]},"3":{"loc":{"start":{"line":16,"column":12},"end":{"line":16,"column":42}},"type":"binary-expr","locations":[{"start":{"line":16,"column":12},"end":{"line":16,"column":24}},{"start":{"line":16,"column":28},"end":{"line":16,"column":42}}]},"4":{"loc":{"start":{"line":20,"column":8},"end":{"line":22,"column":null}},"type":"if","locations":[{"start":{"line":20,"column":8},"end":{"line":22,"column":null}}]},"5":{"loc":{"start":{"line":20,"column":12},"end":{"line":20,"column":45}},"type":"binary-expr","locations":[{"start":{"line":20,"column":12},"end":{"line":20,"column":25}},{"start":{"line":20,"column":29},"end":{"line":20,"column":45}}]},"6":{"loc":{"start":{"line":44,"column":4},"end":{"line":46,"column":null}},"type":"if","locations":[{"start":{"line":44,"column":4},"end":{"line":46,"column":null}}]},"7":{"loc":{"start":{"line":44,"column":8},"end":{"line":44,"column":64}},"type":"binary-expr","locations":[{"start":{"line":44,"column":8},"end":{"line":44,"column":37}},{"start":{"line":44,"column":41},"end":{"line":44,"column":64}}]},"8":{"loc":{"start":{"line":54,"column":8},"end":{"line":64,"column":null}},"type":"if","locations":[{"start":{"line":54,"column":8},"end":{"line":64,"column":null}}]},"9":{"loc":{"start":{"line":54,"column":12},"end":{"line":54,"column":54}},"type":"binary-expr","locations":[{"start":{"line":54,"column":12},"end":{"line":54,"column":28}},{"start":{"line":54,"column":32},"end":{"line":54,"column":54}}]},"10":{"loc":{"start":{"line":58,"column":22},"end":{"line":58,"column":48}},"type":"cond-expr","locations":[{"start":{"line":58,"column":29},"end":{"line":58,"column":34}},{"start":{"line":58,"column":37},"end":{"line":58,"column":48}}]},"11":{"loc":{"start":{"line":62,"column":12},"end":{"line":62,"column":57}},"type":"binary-expr","locations":[{"start":{"line":62,"column":12},"end":{"line":62,"column":25}},{"start":{"line":62,"column":29},"end":{"line":62,"column":57}}]},"12":{"loc":{"start":{"line":66,"column":20},"end":{"line":66,"column":55}},"type":"cond-expr","locations":[{"start":{"line":66,"column":27},"end":{"line":66,"column":42}},{"start":{"line":66,"column":45},"end":{"line":66,"column":55}}]},"13":{"loc":{"start":{"line":70,"column":8},"end":{"line":70,"column":48}},"type":"binary-expr","locations":[{"start":{"line":70,"column":8},"end":{"line":70,"column":21}},{"start":{"line":70,"column":25},"end":{"line":70,"column":48}}]}},"s":{"0":1,"1":1,"2":1,"3":1,"4":1,"5":6,"6":6,"7":6,"8":24,"9":2,"10":22,"11":1,"12":21,"13":1,"14":20,"15":20,"16":20,"17":1,"18":1,"19":4,"20":4,"21":4,"22":4,"23":4,"24":4,"25":4,"26":1,"27":1,"28":7,"29":1,"30":6,"31":6,"32":6,"33":6,"34":11,"35":11,"36":8,"37":8,"38":8,"39":8,"40":8,"41":8,"42":8,"43":3,"44":3,"45":3,"46":3,"47":6,"48":1,"49":1,"50":0,"51":0,"52":0,"53":0,"54":1},"f":{"0":6,"1":24,"2":4,"3":7,"4":0},"b":{"0":[2],"1":[24,15],"2":[1],"3":[22,13],"4":[1],"5":[21,9],"6":[1],"7":[7,2],"8":[8],"9":[11,8],"10":[1,7],"11":[8,5],"12":[2,1],"13":[3,1]}}
,"/Users/dmisilin/work/learning/otus/react-developer-2023/react-developer-2023/src/lesson-2/helper/helper.ts": {"path":"/Users/dmisilin/work/learning/otus/react-developer-2023/react-developer-2023/src/lesson-2/helper/helper.ts","statementMap":{"0":{"start":{"line":1,"column":18},"end":{"line":1,"column":38}},"1":{"start":{"line":3,"column":26},"end":{"line":5,"column":1}},"2":{"start":{"line":4,"column":4},"end":{"line":4,"column":35}},"3":{"start":{"line":3,"column":13},"end":{"line":3,"column":26}},"4":{"start":{"line":7,"column":24},"end":{"line":9,"column":1}},"5":{"start":{"line":8,"column":4},"end":{"line":8,"column":26}},"6":{"start":{"line":7,"column":13},"end":{"line":7,"column":24}},"7":{"start":{"line":11,"column":21},"end":{"line":13,"column":1}},"8":{"start":{"line":12,"column":4},"end":{"line":12,"column":38}},"9":{"start":{"line":11,"column":13},"end":{"line":11,"column":21}}},"fnMap":{"0":{"name":"(anonymous_0)","decl":{"start":{"line":3,"column":26},"end":{"line":3,"column":27}},"loc":{"start":{"line":3,"column":51},"end":{"line":5,"column":1}}},"1":{"name":"(anonymous_1)","decl":{"start":{"line":7,"column":24},"end":{"line":7,"column":25}},"loc":{"start":{"line":7,"column":42},"end":{"line":9,"column":1}}},"2":{"name":"(anonymous_2)","decl":{"start":{"line":11,"column":21},"end":{"line":11,"column":22}},"loc":{"start":{"line":11,"column":56},"end":{"line":13,"column":1}}}},"branchMap":{},"s":{"0":2,"1":2,"2":39,"3":2,"4":2,"5":33,"6":2,"7":2,"8":14,"9":2},"f":{"0":39,"1":33,"2":14},"b":{}}
,"/Users/dmisilin/work/learning/otus/react-developer-2023/react-developer-2023/src/lesson-2/helper/math-method.ts": {"path":"/Users/dmisilin/work/learning/otus/react-developer-2023/react-developer-2023/src/lesson-2/helper/math-method.ts","statementMap":{"0":{"start":{"line":1,"column":33},"end":{"line":1,"column":72}},"1":{"start":{"line":1,"column":67},"end":{"line":1,"column":72}},"2":{"start":{"line":1,"column":13},"end":{"line":1,"column":33}},"3":{"start":{"line":3,"column":34},"end":{"line":3,"column":73}},"4":{"start":{"line":3,"column":68},"end":{"line":3,"column":73}},"5":{"start":{"line":3,"column":13},"end":{"line":3,"column":34}},"6":{"start":{"line":5,"column":37},"end":{"line":5,"column":76}},"7":{"start":{"line":5,"column":71},"end":{"line":5,"column":76}},"8":{"start":{"line":5,"column":13},"end":{"line":5,"column":37}},"9":{"start":{"line":7,"column":43},"end":{"line":7,"column":82}},"10":{"start":{"line":7,"column":77},"end":{"line":7,"column":82}},"11":{"start":{"line":7,"column":13},"end":{"line":7,"column":43}},"12":{"start":{"line":12,"column":13},"end":{"line":17,"column":null}}},"fnMap":{"0":{"name":"(anonymous_0)","decl":{"start":{"line":1,"column":33},"end":{"line":1,"column":34}},"loc":{"start":{"line":1,"column":67},"end":{"line":1,"column":72}}},"1":{"name":"(anonymous_1)","decl":{"start":{"line":3,"column":34},"end":{"line":3,"column":35}},"loc":{"start":{"line":3,"column":68},"end":{"line":3,"column":73}}},"2":{"name":"(anonymous_2)","decl":{"start":{"line":5,"column":37},"end":{"line":5,"column":38}},"loc":{"start":{"line":5,"column":71},"end":{"line":5,"column":76}}},"3":{"name":"(anonymous_3)","decl":{"start":{"line":7,"column":43},"end":{"line":7,"column":44}},"loc":{"start":{"line":7,"column":77},"end":{"line":7,"column":82}}}},"branchMap":{},"s":{"0":2,"1":5,"2":2,"3":2,"4":5,"5":2,"6":2,"7":5,"8":2,"9":2,"10":7,"11":2,"12":2},"f":{"0":5,"1":5,"2":5,"3":7},"b":{}}
}
