TN:
SF:src/lesson-2/index.ts
FN:10,(anonymous_6)
FN:11,(anonymous_7)
FN:12,(anonymous_8)
FN:28,run
FN:35,(anonymous_10)
FNF:5
FNH:0
FNDA:0,(anonymous_6)
FNDA:0,(anonymous_7)
FNDA:0,(anonymous_8)
FNDA:0,run
FNDA:0,(anonymous_10)
DA:1,0
DA:2,0
DA:4,0
DA:8,0
DA:10,0
DA:11,0
DA:12,0
DA:14,0
DA:15,0
DA:17,0
DA:18,0
DA:20,0
DA:24,0
DA:29,0
DA:30,0
DA:34,0
DA:35,0
LF:17
LH:0
BRDA:17,0,0,0
BRDA:17,0,1,0
BRF:2
BRH:0
end_of_record
TN:
SF:src/lesson-2/helper/calculation.ts
FN:7,(anonymous_0)
FN:11,(anonymous_1)
FN:31,(anonymous_2)
FN:43,(anonymous_3)
FN:76,(anonymous_4)
FNF:5
FNH:4
FNDA:6,(anonymous_0)
FNDA:24,(anonymous_1)
FNDA:4,(anonymous_2)
FNDA:7,(anonymous_3)
FNDA:0,(anonymous_4)
DA:1,1
DA:2,1
DA:4,1
DA:5,1
DA:7,1
DA:8,6
DA:9,6
DA:11,6
DA:12,24
DA:13,2
DA:16,22
DA:17,1
DA:20,21
DA:21,1
DA:24,20
DA:26,20
DA:27,20
DA:31,1
DA:32,4
DA:34,4
DA:35,4
DA:36,4
DA:37,4
DA:40,4
DA:43,1
DA:44,7
DA:45,1
DA:48,6
DA:49,6
DA:51,6
DA:52,11
DA:54,11
DA:55,8
DA:56,8
DA:58,8
DA:59,8
DA:60,8
DA:62,8
DA:63,8
DA:66,3
DA:67,3
DA:68,3
DA:70,3
DA:73,6
DA:76,1
DA:77,0
DA:79,0
DA:80,0
DA:81,0
LF:49
LH:45
BRDA:12,0,0,2
BRDA:12,1,0,24
BRDA:12,1,1,15
BRDA:16,2,0,1
BRDA:16,3,0,22
BRDA:16,3,1,13
BRDA:20,4,0,1
BRDA:20,5,0,21
BRDA:20,5,1,9
BRDA:44,6,0,1
BRDA:44,7,0,7
BRDA:44,7,1,2
BRDA:54,8,0,8
BRDA:54,9,0,11
BRDA:54,9,1,8
BRDA:58,10,0,1
BRDA:58,10,1,7
BRDA:62,11,0,8
BRDA:62,11,1,5
BRDA:66,12,0,2
BRDA:66,12,1,1
BRDA:70,13,0,3
BRDA:70,13,1,1
BRF:23
BRH:23
end_of_record
TN:
SF:src/lesson-2/helper/helper.ts
FN:3,(anonymous_0)
FN:7,(anonymous_1)
FN:11,(anonymous_2)
FNF:3
FNH:3
FNDA:39,(anonymous_0)
FNDA:33,(anonymous_1)
FNDA:14,(anonymous_2)
DA:1,2
DA:3,2
DA:4,39
DA:7,2
DA:8,33
DA:11,2
DA:12,14
LF:7
LH:7
BRF:0
BRH:0
end_of_record
TN:
SF:src/lesson-2/helper/math-method.ts
FN:1,(anonymous_0)
FN:3,(anonymous_1)
FN:5,(anonymous_2)
FN:7,(anonymous_3)
FNF:4
FNH:4
FNDA:5,(anonymous_0)
FNDA:5,(anonymous_1)
FNDA:5,(anonymous_2)
FNDA:7,(anonymous_3)
DA:1,5
DA:3,5
DA:5,5
DA:7,7
DA:12,2
LF:5
LH:5
BRF:0
BRH:0
end_of_record
